<?xml version="1.0" encoding="UTF-8"?>
<!-- Generated by org.testng.reporters.JUnitXMLReporter -->
<testsuite hostname="Ramesh" ignored="0" name="Default test" tests="4" failures="0" timestamp="2020-03-21T14:02:06 IST" time="123.589" errors="0">
  <testcase name="demoHomePageTitleTest" time="0.021" classname="com.sel.qa.testcases.DemoHomePageTest"/>
  <testcase name="selEasyImageTest" time="0.277" classname="com.sel.qa.testcases.DemoHomePageTest"/>
  <testcase name="navigateSimpleFormTest" time="2.699" classname="com.sel.qa.testcases.DemoHomePageTest"/>
  <testcase name="validateInputFormsDD" time="0.075" classname="com.sel.qa.testcases.DemoHomePageTest"/>
</testsuite> <!-- Default test -->
