<?xml version="1.0" encoding="UTF-8"?>
<testng-results skipped="0" failed="0" ignored="0" total="1" passed="1">
  <reporter-output>
  </reporter-output>
  <suite name="Default suite" duration-ms="15704" started-at="2020-04-13T12:00:55 IST" finished-at="2020-04-13T12:01:10 IST">
    <groups>
    </groups>
    <test name="Default test" duration-ms="15704" started-at="2020-04-13T12:00:55 IST" finished-at="2020-04-13T12:01:10 IST">
      <class name="com.sel.qa.testcases.RadioButtonPageTest">
        <test-method status="PASS" signature="setUp()[pri:0, instance:com.sel.qa.testcases.RadioButtonPageTest@53f65459]" name="setUp" is-config="true" duration-ms="12608" started-at="2020-04-13T12:00:55 IST" finished-at="2020-04-13T12:01:07 IST">
          <reporter-output>
          </reporter-output>
        </test-method> <!-- setUp -->
        <test-method status="PASS" signature="groupRBTest()[pri:3, instance:com.sel.qa.testcases.RadioButtonPageTest@53f65459]" name="groupRBTest" duration-ms="2365" started-at="2020-04-13T12:01:07 IST" finished-at="2020-04-13T12:01:10 IST">
          <reporter-output>
          </reporter-output>
        </test-method> <!-- groupRBTest -->
        <test-method status="PASS" signature="tearDown()[pri:0, instance:com.sel.qa.testcases.RadioButtonPageTest@53f65459]" name="tearDown" is-config="true" duration-ms="656" started-at="2020-04-13T12:01:10 IST" finished-at="2020-04-13T12:01:10 IST">
          <reporter-output>
          </reporter-output>
        </test-method> <!-- tearDown -->
      </class> <!-- com.sel.qa.testcases.RadioButtonPageTest -->
    </test> <!-- Default test -->
  </suite> <!-- Default suite -->
</testng-results>
